2022-11-09 15:38:25.758 [info] Extension host with pid 4165 started
2022-11-09 15:38:25.946 [info] ExtensionService#_doActivateExtension vscode.typescript-language-features, startup: false, activationEvent: 'onLanguage:javascript'
2022-11-09 15:38:25.947 [info] ExtensionService#_doActivateExtension vscode.microsoft-authentication, startup: false, activationEvent: 'onAuthenticationRequest:microsoft'
2022-11-09 15:38:25.947 [info] ExtensionService#_doActivateExtension vscode.git-base, startup: true, activationEvent: '*', root cause: vscode.git
2022-11-09 15:38:26.669 [error] No bundle location found for extension vscode.typescript-language-features
2022-11-09 15:38:26.670 [error] No bundle location found for extension vscode.microsoft-authentication
2022-11-09 15:38:26.670 [error] No bundle location found for extension vscode.git-base
2022-11-09 15:38:26.729 [warning] Using default string since no string found in i18n bundle that has the key: Microsoft Authentication
2022-11-09 15:38:27.125 [info] ExtensionService#_doActivateExtension vscode.git, startup: true, activationEvent: '*'
2022-11-09 15:38:27.126 [info] ExtensionService#_doActivateExtension vscode.github, startup: true, activationEvent: '*'
2022-11-09 15:38:27.426 [error] No bundle location found for extension vscode.git
2022-11-09 15:38:27.426 [error] No bundle location found for extension vscode.github
2022-11-09 15:38:27.570 [info] ExtensionService#_doActivateExtension vscode.github-authentication, startup: false, activationEvent: 'onAuthenticationRequest:github'
2022-11-09 15:38:27.616 [info] Eager extensions activated
2022-11-09 15:38:27.636 [error] No bundle location found for extension vscode.github-authentication
2022-11-09 15:38:27.701 [info] ExtensionService#_doActivateExtension vscode.debug-auto-launch, startup: false, activationEvent: 'onStartupFinished'
2022-11-09 15:38:27.702 [info] ExtensionService#_doActivateExtension vscode.emmet, startup: false, activationEvent: 'onStartupFinished'
2022-11-09 15:38:27.703 [info] ExtensionService#_doActivateExtension vscode.merge-conflict, startup: false, activationEvent: 'onStartupFinished'
2022-11-09 15:38:27.751 [error] No bundle location found for extension vscode.debug-auto-launch
2022-11-09 15:38:27.751 [error] No bundle location found for extension vscode.emmet
2022-11-09 15:38:27.751 [error] No bundle location found for extension vscode.merge-conflict
2022-11-09 15:44:28.523 [info] Extension host terminating: received terminate message from renderer
2022-11-09 15:44:28.543 [info] Extension host with pid 4165 exiting with code 0
